Arguments: 
  /home/manoj/.nvm/versions/node/v5.10.0/bin/node /usr/share/yarn/bin/yarn.js test

PATH: 
  /home/manoj/support/virtualenvs/.support/bin:/home/manoj/Workspace/khalti/MINION/.env/bin:/home/manoj/.nvm/versions/node/v5.10.0/bin:/usr/local/sbin:/usr/local/bin:/usr/sbin:/usr/bin:/sbin:/bin:/usr/games:/usr/local/games:/snap/bin:/home/manoj/.vimpkg/bin

Yarn version: 
  1.5.1

Node version: 
  5.10.0

Platform: 
  linux x64

npm manifest: 
  {
    "name": "khalti-support",
    "version": "1.0.0",
    "description": "",
    "main": "index.js",
    "scripts": {
      "build-development": "webpack --config webpack/webpack.local.config.js --progress --colors",
      "build-production": "webpack --config webpack/webpack.production.config.js --progress --colors",
      "watch": "webpack-dev-server --config webpack/webpack.local.config.js",
      "test": "./node_modules/karma/bin/karma start webpack/karma.config.js --log-level debug"
    },
    "author": "",
    "license": "ISC",
    "devDependencies": {
      "axios": "^0.18.0",
      "babel-cli": "^6.26.0",
      "babel-core": "^6.26.3",
      "babel-eslint": "^8.2.3",
      "babel-loader": "^7.1.4",
      "babel-preset-es2015": "^6.24.1",
      "babel-preset-react": "^6.24.1",
      "babel-preset-stage-2": "^6.24.1",
      "css-loader": "^0.28.11",
      "deepfreeze": "^2.0.0",
      "enzyme": "^3.3.0",
      "eslint": "^4.19.1",
      "eslint-config-airbnb": "^16.1.0",
      "eslint-plugin-import": "^2.11.0",
      "eslint-plugin-jsx-a11y": "^6.0.3",
      "eslint-plugin-react": "^7.8.2",
      "expect": "^22.4.3",
      "karma": "^2.0.2",
      "karma-babel-preprocessor": "^7.0.0",
      "karma-chrome-launcher": "^2.2.0",
      "karma-mocha": "^1.3.0",
      "karma-sourcemap-loader": "^0.3.7",
      "karma-webpack": "^3.0.0",
      "mocha": "^5.1.1",
      "prop-types": "^15.6.1",
      "react-bootstrap": "^0.32.1",
      "react-cookie": "^2.1.4",
      "react-fontawesome": "^1.6.1",
      "react-hot-loader": "^4.0.0",
      "react-redux": "^5.0.7",
      "react-router": "^3.2.1",
      "react-router-redux": "^4.0.8",
      "redux": "^4.0.0",
      "redux-devtools": "^3.4.1",
      "redux-devtools-dock-monitor": "^1.1.3",
      "redux-devtools-log-monitor": "^1.4.0",
      "redux-logger": "^3.0.6",
      "redux-thunk": "^2.2.0",
      "style-loader": "^0.21.0",
      "webpack": "^1.15.0",
      "webpack-bundle-tracker": "^0.3.0",
      "webpack-dev-server": "^1.16.5"
    },
    "dependencies": {
      "react": "^16.3.2",
      "react-dom": "^16.3.2"
    }
  }

yarn manifest: 
  No manifest

Lockfile: 
  No lockfile

Trace: 
  Error: Command failed.
  Exit code: 1
  Command: sh
  Arguments: -c ./node_modules/karma/bin/karma start webpack/karma.config.js --log-level debug
  Directory: /home/manoj/support
  Output:
  
      at ProcessTermError.Error (native)
      at ProcessTermError.MessageError (/usr/share/yarn/lib/cli.js:186:110)
      at new ProcessTermError (/usr/share/yarn/lib/cli.js:226:113)
      at ChildProcess.<anonymous> (/usr/share/yarn/lib/cli.js:30281:17)
      at emitTwo (events.js:100:13)
      at ChildProcess.emit (events.js:185:7)
      at maybeClose (internal/child_process.js:850:16)
      at Process.ChildProcess._handle.onexit (internal/child_process.js:215:5)
